app/build/intermediates/manifest_merge_blame_file/debug/manifest-merger-blame-debug-report.txt
1<?xml version="1.0" encoding="utf-8"?>
2<manifest xmlns:android="http://schemas.android.com/apk/res/android"
3    package="com.example.android.miwok"
4    android:versionCode="1"
5    android:versionName="1.0" >
6
7    <uses-sdk
8        android:minSdkVersion="15"
8-->src\main\AndroidManifest.xml
9        android:targetSdkVersion="23" />
9-->src\main\AndroidManifest.xml
10
11    <application
11-->src\main\AndroidManifest.xml:6:5-29:19
12        android:allowBackup="true"
12-->src\main\AndroidManifest.xml:7:9-35
13        android:debuggable="true"
14        android:icon="@mipmap/ic_launcher"
14-->src\main\AndroidManifest.xml:8:9-43
15        android:label="@string/app_name"
15-->src\main\AndroidManifest.xml:9:9-41
16        android:supportsRtl="true"
16-->src\main\AndroidManifest.xml:11:9-35
17        android:theme="@style/AppTheme" >
17-->src\main\AndroidManifest.xml:12:9-40
18        <activity
18-->src\main\AndroidManifest.xml:13:9-14:57
19            android:name="com.example.android.miwok.ColorsActivity"
19-->src\main\AndroidManifest.xml:13:19-49
20            android:parentActivityName="com.example.android.miwok.MainActivity" />
20-->src\main\AndroidManifest.xml:14:13-55
21        <activity
21-->src\main\AndroidManifest.xml:15:9-16:57
22            android:name="com.example.android.miwok.FamilyActivity"
22-->src\main\AndroidManifest.xml:15:19-49
23            android:parentActivityName="com.example.android.miwok.MainActivity" />
23-->src\main\AndroidManifest.xml:16:13-55
24        <activity
24-->src\main\AndroidManifest.xml:17:9-18:58
25            android:name="com.example.android.miwok.NumberActivity"
25-->src\main\AndroidManifest.xml:17:19-49
26            android:parentActivityName="com.example.android.miwok.MainActivity" />
26-->src\main\AndroidManifest.xml:18:13-55
27        <activity
27-->src\main\AndroidManifest.xml:19:9-20:57
28            android:name="com.example.android.miwok.PhrasesActivity"
28-->src\main\AndroidManifest.xml:19:19-50
29            android:parentActivityName="com.example.android.miwok.MainActivity" />
29-->src\main\AndroidManifest.xml:20:13-55
30        <activity android:name="com.example.android.miwok.MainActivity" >
30-->src\main\AndroidManifest.xml:21:9-27:20
30-->src\main\AndroidManifest.xml:21:19-47
31            <intent-filter>
31-->src\main\AndroidManifest.xml:22:13-26:29
32                <action android:name="android.intent.action.MAIN" />
32-->src\main\AndroidManifest.xml:23:17-69
32-->src\main\AndroidManifest.xml:23:25-66
33
34                <category android:name="android.intent.category.LAUNCHER" />
34-->src\main\AndroidManifest.xml:25:17-77
34-->src\main\AndroidManifest.xml:25:27-74
35            </intent-filter>
36        </activity>
37    </application>
38
39</manifest>